2025-02-05 17:22:02,735 INFO o.a.j.u.JMeterUtils: Setting Locale to en_EN
2025-02-05 17:22:02,751 INFO o.a.j.JMeter: Loading user properties from: user.properties
2025-02-05 17:22:02,751 INFO o.a.j.JMeter: Loading system properties from: system.properties
2025-02-05 17:22:02,766 INFO o.a.j.JMeter: Copyright (c) 1998-2022 The Apache Software Foundation
2025-02-05 17:22:02,766 INFO o.a.j.JMeter: Version 5.5
2025-02-05 17:22:02,766 INFO o.a.j.JMeter: java.version=17.0.12
2025-02-05 17:22:02,766 INFO o.a.j.JMeter: java.vm.name=Java HotSpot(TM) 64-Bit Server VM
2025-02-05 17:22:02,766 INFO o.a.j.JMeter: os.name=Windows 11
2025-02-05 17:22:02,766 INFO o.a.j.JMeter: os.arch=amd64
2025-02-05 17:22:02,766 INFO o.a.j.JMeter: os.version=10.0
2025-02-05 17:22:02,766 INFO o.a.j.JMeter: file.encoding=Cp1252
2025-02-05 17:22:02,766 INFO o.a.j.JMeter: java.awt.headless=true
2025-02-05 17:22:02,766 INFO o.a.j.JMeter: Max memory     =1073741824
2025-02-05 17:22:02,766 INFO o.a.j.JMeter: Available Processors =8
2025-02-05 17:22:02,766 INFO o.a.j.JMeter: Default Locale=English (EN)
2025-02-05 17:22:02,766 INFO o.a.j.JMeter: JMeter  Locale=English (EN)
2025-02-05 17:22:02,766 INFO o.a.j.JMeter: JMeterHome=C:\Users\sivabr\Downloads\CFRS\apache-jmeter-5.5
2025-02-05 17:22:02,766 INFO o.a.j.JMeter: user.dir  =C:\Users\sivabr\Downloads\CFRS\apache-jmeter-5.5\bin
2025-02-05 17:22:02,766 INFO o.a.j.JMeter: PWD       =C:\Users\sivabr\Downloads\CFRS\apache-jmeter-5.5\bin
2025-02-05 17:22:02,783 INFO o.a.j.JMeter: IP: 192.168.101.116 Name: CI00430873 FullName: host.docker.internal
2025-02-05 17:22:02,798 INFO o.a.j.r.RmiUtils: System property 'java.rmi.server.hostname' is not defined, using localHost address
2025-02-05 17:22:02,798 INFO o.a.j.r.RmiUtils: Local IP address=192.168.101.116
2025-02-05 17:22:03,080 INFO o.a.j.r.SSLRMIServerSocketFactory: Created SSLSocket: [SSL: ServerSocket[addr=CI00430873/192.168.101.116,localport=52178]]
2025-02-05 17:22:03,113 INFO o.a.j.e.RemoteJMeterEngineImpl: Starting backing engine on 1099
2025-02-05 17:22:03,113 INFO o.a.j.r.RmiUtils: System property 'java.rmi.server.hostname' is not defined, using localHost address
2025-02-05 17:22:03,113 INFO o.a.j.r.RmiUtils: Local IP address=192.168.101.116
2025-02-05 17:22:03,113 INFO o.a.j.e.RemoteJMeterEngineImpl: IP address is a site-local address; this may cause problems with remote access.
	Can be overridden by defining the system property 'java.rmi.server.hostname' - see jmeter-server script file
2025-02-05 17:22:03,113 INFO o.a.j.e.RemoteJMeterEngineImpl: Creating RMI registry (server.rmi.create=true)
2025-02-05 17:22:03,113 INFO o.a.j.r.RmiUtils: System property 'java.rmi.server.hostname' is not defined, using localHost address
2025-02-05 17:22:03,113 INFO o.a.j.r.RmiUtils: Local IP address=192.168.101.116
2025-02-05 17:22:03,208 INFO o.a.j.r.SSLRMIServerSocketFactory: Created SSLSocket: [SSL: ServerSocket[addr=CI00430873/192.168.101.116,localport=1099]]
2025-02-05 17:22:03,233 INFO o.a.j.e.RemoteJMeterEngineImpl: Bound to RMI registry on port 1099
