2024-12-27 12:51:48,252 INFO o.a.j.u.JMeterUtils: Setting Locale to en_IN
2024-12-27 12:51:48,275 INFO o.a.j.JMeter: Loading user properties from: user.properties
2024-12-27 12:51:48,275 INFO o.a.j.JMeter: Loading system properties from: system.properties
2024-12-27 12:51:48,284 INFO o.a.j.JMeter: Loading additional properties from: C:\Users\sivabr\Downloads\CFRS\apache-jmeter-5.5\bin\user.properties
2024-12-27 12:51:48,284 INFO o.a.j.JMeter: Copyright (c) 1998-2022 The Apache Software Foundation
2024-12-27 12:51:48,284 INFO o.a.j.JMeter: Version 5.5
2024-12-27 12:51:48,284 INFO o.a.j.JMeter: java.version=17.0.12
2024-12-27 12:51:48,284 INFO o.a.j.JMeter: java.vm.name=Java HotSpot(TM) 64-Bit Server VM
2024-12-27 12:51:48,284 INFO o.a.j.JMeter: os.name=Windows 11
2024-12-27 12:51:48,284 INFO o.a.j.JMeter: os.arch=amd64
2024-12-27 12:51:48,284 INFO o.a.j.JMeter: os.version=10.0
2024-12-27 12:51:48,284 INFO o.a.j.JMeter: file.encoding=Cp1252
2024-12-27 12:51:48,284 INFO o.a.j.JMeter: java.awt.headless=true
2024-12-27 12:51:48,284 INFO o.a.j.JMeter: Max memory     =4225761280
2024-12-27 12:51:48,284 INFO o.a.j.JMeter: Available Processors =8
2024-12-27 12:51:48,300 INFO o.a.j.JMeter: Default Locale=English (India)
2024-12-27 12:51:48,300 INFO o.a.j.JMeter: JMeter  Locale=English (India)
2024-12-27 12:51:48,300 INFO o.a.j.JMeter: JMeterHome=C:\Users\sivabr\Downloads\CFRS\apache-jmeter-5.5
2024-12-27 12:51:48,300 INFO o.a.j.JMeter: user.dir  =C:\Users\sivabr\Downloads\CFRS\apache-jmeter-5.5\bin
2024-12-27 12:51:48,300 INFO o.a.j.JMeter: PWD       =C:\Users\sivabr\Downloads\CFRS\apache-jmeter-5.5\bin
2024-12-27 12:51:48,315 INFO o.a.j.JMeter: IP: 192.168.101.116 Name: CI00430873 FullName: host.docker.internal
2024-12-27 12:51:48,315 INFO o.a.j.JMeter: Setting property 'jmeter.reportgenerator.outputdir' to:'C:\Users\sivabr\OneDrive - Cegeka\Desktop\Delta'
2024-12-27 12:51:48,315 INFO o.a.j.r.d.ReportGenerator: ReportGenerator will use for Parsing the separator: ','
2024-12-27 12:51:48,315 INFO o.a.j.r.d.ReportGenerator: Will only generate report from results file: C:\Users\sivabr\Downloads\CFRS\apache-jmeter-5.5\bin\examples\Test.csv
2024-12-27 12:51:48,315 INFO o.a.j.r.d.ReportGenerator: Reading report generator properties from: C:\Users\sivabr\Downloads\CFRS\apache-jmeter-5.5\bin\reportgenerator.properties
2024-12-27 12:51:48,315 INFO o.a.j.r.d.ReportGenerator: Merging with JMeter properties
2024-12-27 12:51:48,331 INFO o.a.j.r.c.ReportGeneratorConfiguration: Property 'jmeter.reportgenerator.temp_dir' not found, using default value 'temp' instead.
2024-12-27 12:51:48,331 INFO o.a.j.r.c.ReportGeneratorConfiguration: Property 'jmeter.reportgenerator.apdex_per_transaction' not found, using default value 'null' instead.
2024-12-27 12:51:48,331 INFO o.a.j.r.c.ReportGeneratorConfiguration: apdex_per_transaction is empty, not APDEX per transaction customization
2024-12-27 12:51:48,346 INFO o.a.j.r.c.ReportGeneratorConfiguration: Property 'jmeter.reportgenerator.sample_filter' not found, using default value 'null' instead.
2024-12-27 12:51:48,346 INFO o.a.j.r.c.ReportGeneratorConfiguration: Property 'jmeter.reportgenerator.report_title' not found, using default value 'null' instead.
2024-12-27 12:51:48,346 INFO o.a.j.r.c.ReportGeneratorConfiguration: Property 'jmeter.reportgenerator.start_date' not found, using default value 'null' instead.
2024-12-27 12:51:48,346 INFO o.a.j.r.c.ReportGeneratorConfiguration: Property 'jmeter.reportgenerator.end_date' not found, using default value 'null' instead.
2024-12-27 12:51:48,346 INFO o.a.j.r.c.ReportGeneratorConfiguration: Property 'jmeter.reportgenerator.date_format' not found, using default value 'null' instead.
2024-12-27 12:51:48,346 INFO o.a.j.r.c.ReportGeneratorConfiguration: Will use date range start date: null, end date: null
2024-12-27 12:51:48,362 INFO o.a.j.r.c.ReportGeneratorConfiguration: Property 'jmeter.reportgenerator.graph.totalTPS.exclude_controllers' not found, using default value 'false' instead.
2024-12-27 12:51:48,362 INFO o.a.j.r.c.ReportGeneratorConfiguration: Property 'jmeter.reportgenerator.graph.activeThreadsOverTime.exclude_controllers' not found, using default value 'false' instead.
2024-12-27 12:51:48,362 INFO o.a.j.r.c.ReportGeneratorConfiguration: Property 'jmeter.reportgenerator.graph.timeVsThreads.exclude_controllers' not found, using default value 'false' instead.
2024-12-27 12:51:48,362 INFO o.a.j.r.c.ReportGeneratorConfiguration: Property 'jmeter.reportgenerator.graph.responseTimeDistribution.exclude_controllers' not found, using default value 'false' instead.
2024-12-27 12:51:48,362 INFO o.a.j.r.c.ReportGeneratorConfiguration: Property 'jmeter.reportgenerator.graph.transactionsPerSecond.exclude_controllers' not found, using default value 'false' instead.
2024-12-27 12:51:48,367 INFO o.a.j.r.c.ReportGeneratorConfiguration: Property 'jmeter.reportgenerator.graph.responseTimePercentiles.exclude_controllers' not found, using default value 'false' instead.
2024-12-27 12:51:48,367 INFO o.a.j.r.c.ReportGeneratorConfiguration: Property 'jmeter.reportgenerator.graph.responseTimePercentilesOverTime.exclude_controllers' not found, using default value 'false' instead.
2024-12-27 12:51:48,367 INFO o.a.j.r.c.ReportGeneratorConfiguration: Property 'jmeter.reportgenerator.graph.responseTimesOverTime.exclude_controllers' not found, using default value 'false' instead.
2024-12-27 12:51:48,367 INFO o.a.j.r.c.ReportGeneratorConfiguration: Property 'jmeter.reportgenerator.graph.connectTimeOverTime.exclude_controllers' not found, using default value 'false' instead.
2024-12-27 12:51:48,367 INFO o.a.j.r.c.ReportGeneratorConfiguration: Property 'jmeter.reportgenerator.graph.latenciesOverTime.exclude_controllers' not found, using default value 'false' instead.
2024-12-27 12:51:48,369 INFO o.a.j.r.c.ReportGeneratorConfiguration: Property 'jmeter.reportgenerator.exporter.json.filters_only_sample_series' not found, using default value 'true' instead.
2024-12-27 12:51:48,369 INFO o.a.j.r.c.ReportGeneratorConfiguration: Property 'jmeter.reportgenerator.exporter.json.series_filter' not found, using default value '' instead.
2024-12-27 12:51:48,369 INFO o.a.j.r.c.ReportGeneratorConfiguration: Property 'jmeter.reportgenerator.exporter.json.show_controllers_only' not found, using default value 'false' instead.
2024-12-27 12:51:48,369 INFO o.a.j.r.c.ReportGeneratorConfiguration: Property 'jmeter.reportgenerator.exporter.html.filters_only_sample_series' not found, using default value 'true' instead.
2024-12-27 12:51:48,369 INFO o.a.j.r.c.ReportGeneratorConfiguration: Property 'jmeter.reportgenerator.exporter.html.series_filter' not found, using default value '' instead.
2024-12-27 12:51:48,369 INFO o.a.j.r.c.ReportGeneratorConfiguration: Property 'jmeter.reportgenerator.exporter.html.show_controllers_only' not found, using default value 'false' instead.
2024-12-27 12:51:48,758 INFO o.a.j.s.SaveService: Testplan (JMX) version: 2.2. Testlog (JTL) version: 2.2
2024-12-27 12:51:48,821 INFO o.a.j.s.SaveService: Using SaveService properties version 5.0
2024-12-27 12:51:48,821 INFO o.a.j.s.SaveService: Using SaveService properties file encoding UTF-8
2024-12-27 12:51:48,852 INFO o.a.j.r.p.NormalizerSampleConsumer: Using format, 'ms', to parse timeStamp field
2024-12-27 12:51:49,086 INFO o.a.j.r.p.AbstractSampleConsumer: class org.apache.jmeter.report.processor.AggregateConsumer#stopProducing(): beginDate produced 0 samples
2024-12-27 12:51:49,087 INFO o.a.j.r.p.AbstractSampleConsumer: class org.apache.jmeter.report.processor.AggregateConsumer#stopProducing(): endDate produced 0 samples
2024-12-27 12:51:49,096 INFO o.a.j.r.p.AbstractSampleConsumer: class org.apache.jmeter.report.processor.ApdexSummaryConsumer#stopProducing(): apdexSummary produced 0 samples
2024-12-27 12:51:49,096 INFO o.a.j.r.p.AbstractSampleConsumer: class org.apache.jmeter.report.processor.RequestsSummaryConsumer#stopProducing(): requestsSummary produced 0 samples
2024-12-27 12:51:49,112 INFO o.a.j.r.p.AbstractSampleConsumer: class org.apache.jmeter.report.processor.StatisticsSummaryConsumer#stopProducing(): statisticsSummary produced 0 samples
2024-12-27 12:51:49,116 INFO o.a.j.r.p.AbstractSampleConsumer: class org.apache.jmeter.report.processor.Top5ErrorsBySamplerConsumer#stopProducing(): top5ErrorsBySampler produced 0 samples
2024-12-27 12:51:49,116 INFO o.a.j.r.p.AbstractSampleConsumer: class org.apache.jmeter.report.processor.ErrorsSummaryConsumer#stopProducing(): errorsSummary produced 0 samples
2024-12-27 12:51:49,116 INFO o.a.j.r.p.AbstractSampleConsumer: class org.apache.jmeter.report.processor.graph.impl.HitsPerSecondGraphConsumer#stopProducing(): hitsPerSecond produced 0 samples
2024-12-27 12:51:49,135 INFO o.a.j.r.p.AbstractSampleConsumer: class org.apache.jmeter.report.processor.graph.impl.LatencyVSRequestGraphConsumer#stopProducing(): latencyVsRequest produced 0 samples
2024-12-27 12:51:49,135 INFO o.a.j.r.p.AbstractSampleConsumer: class org.apache.jmeter.report.processor.graph.impl.SyntheticResponseTimeDistributionGraphConsumer#stopProducing(): syntheticResponseTimeDistribution produced 0 samples
2024-12-27 12:51:49,138 INFO o.a.j.r.p.AbstractSampleConsumer: class org.apache.jmeter.report.processor.graph.impl.BytesThroughputGraphConsumer#stopProducing(): bytesThroughputOverTime produced 0 samples
2024-12-27 12:51:49,138 INFO o.a.j.r.p.AbstractSampleConsumer: class org.apache.jmeter.report.processor.graph.impl.CodesPerSecondGraphConsumer#stopProducing(): codesPerSecond produced 0 samples
2024-12-27 12:51:49,150 INFO o.a.j.r.p.AbstractSampleConsumer: class org.apache.jmeter.report.processor.graph.impl.ResponseTimeVSRequestGraphConsumer#stopProducing(): responseTimeVsRequest produced 0 samples
2024-12-27 12:51:49,150 INFO o.a.j.r.p.AbstractSampleConsumer: class org.apache.jmeter.report.processor.FilterConsumer#stopProducing(): startIntervalControlerFilter produced 287 samples
2024-12-27 12:51:49,150 INFO o.a.j.r.p.AbstractSampleConsumer: class org.apache.jmeter.report.processor.graph.impl.TotalTPSGraphConsumer#stopProducing(): totalTPS produced 0 samples
2024-12-27 12:51:49,151 INFO o.a.j.r.p.AbstractSampleConsumer: class org.apache.jmeter.report.processor.graph.impl.ActiveThreadsGraphConsumer#stopProducing(): activeThreadsOverTime produced 0 samples
2024-12-27 12:51:49,151 INFO o.a.j.r.p.AbstractSampleConsumer: class org.apache.jmeter.report.processor.graph.impl.TimeVSThreadGraphConsumer#stopProducing(): timeVsThreads produced 0 samples
2024-12-27 12:51:49,151 INFO o.a.j.r.p.AbstractSampleConsumer: class org.apache.jmeter.report.processor.graph.impl.ResponseTimeDistributionGraphConsumer#stopProducing(): responseTimeDistribution produced 0 samples
2024-12-27 12:51:49,154 INFO o.a.j.r.p.AbstractSampleConsumer: class org.apache.jmeter.report.processor.graph.impl.TransactionsPerSecondGraphConsumer#stopProducing(): transactionsPerSecond produced 0 samples
2024-12-27 12:51:49,154 INFO o.a.j.r.p.AbstractSampleConsumer: class org.apache.jmeter.report.processor.graph.impl.ResponseTimePercentilesGraphConsumer#stopProducing(): responseTimePercentiles produced 0 samples
2024-12-27 12:51:49,163 INFO o.a.j.r.p.AbstractSampleConsumer: class org.apache.jmeter.report.processor.graph.impl.ResponseTimePercentilesOverTimeGraphConsumer#stopProducing(): responseTimePercentilesOverTime produced 0 samples
2024-12-27 12:51:49,163 INFO o.a.j.r.p.AbstractSampleConsumer: class org.apache.jmeter.report.processor.graph.impl.ResponseTimeOverTimeGraphConsumer#stopProducing(): responseTimesOverTime produced 0 samples
2024-12-27 12:51:49,163 INFO o.a.j.r.p.AbstractSampleConsumer: class org.apache.jmeter.report.processor.graph.impl.ConnectTimeOverTimeGraphConsumer#stopProducing(): connectTimeOverTime produced 0 samples
2024-12-27 12:51:49,163 INFO o.a.j.r.p.AbstractSampleConsumer: class org.apache.jmeter.report.processor.graph.impl.LatencyOverTimeGraphConsumer#stopProducing(): latenciesOverTime produced 0 samples
2024-12-27 12:51:49,163 INFO o.a.j.r.p.AbstractSampleConsumer: class org.apache.jmeter.report.processor.FilterConsumer#stopProducing(): nameFilter produced 615 samples
2024-12-27 12:51:49,163 INFO o.a.j.r.p.AbstractSampleConsumer: class org.apache.jmeter.report.processor.FilterConsumer#stopProducing(): dateRangeFilter produced 123 samples
2024-12-27 12:51:49,163 INFO o.a.j.r.p.AbstractSampleConsumer: class org.apache.jmeter.report.processor.NormalizerSampleConsumer#stopProducing(): normalizer produced 41 samples
2024-12-27 12:51:49,163 INFO o.a.j.r.p.CsvFileSampleSource: produce(): 41 samples produced in 279ms on channel 0
2024-12-27 12:51:49,163 INFO o.a.j.r.d.ReportGenerator: Exporting data using exporter:'json' of className:'org.apache.jmeter.report.dashboard.JsonExporter'
2024-12-27 12:51:49,392 INFO o.a.j.r.d.JsonExporter: Found data for consumer statisticsSummary in context
2024-12-27 12:51:49,392 INFO o.a.j.r.d.JsonExporter: Creating statistics for overall
2024-12-27 12:51:49,392 INFO o.a.j.r.d.JsonExporter: Creating statistics for other transactions
2024-12-27 12:51:49,392 INFO o.a.j.r.d.JsonExporter: Checking output folder
2024-12-27 12:51:49,392 INFO o.a.j.r.d.JsonExporter: Writing statistics JSON to C:\Users\sivabr\OneDrive - Cegeka\Desktop\Delta\statistics.json
2024-12-27 12:51:49,454 INFO o.a.j.r.d.ReportGenerator: Exporting data using exporter:'html' of className:'org.apache.jmeter.report.dashboard.HtmlTemplateExporter'
2024-12-27 12:51:49,471 INFO o.a.j.r.d.HtmlTemplateExporter: Will generate dashboard in folder: C:\Users\sivabr\OneDrive - Cegeka\Desktop\Delta
2024-12-27 12:51:49,658 INFO o.a.j.r.d.HtmlTemplateExporter: Report will be generated in: C:\Users\sivabr\OneDrive - Cegeka\Desktop\Delta, creating folder structure
2024-12-27 12:51:49,676 INFO o.a.j.r.d.TemplateVisitor: Copying folder from 'C:\Users\sivabr\Downloads\CFRS\apache-jmeter-5.5\bin\report-template' to 'C:\Users\sivabr\OneDrive - Cegeka\Desktop\Delta', got message: C:\Users\sivabr\OneDrive - Cegeka\Desktop\Delta, found non empty folder with following content [C:\Users\sivabr\OneDrive - Cegeka\Desktop\Delta\statistics.json], will be ignored
